// 重构日志: 9fa6ac54
// 重构日志: 004a5213
// 同步 ID: 5e00fe78 @ Sun Jun  7 22:01:05 UTC 2026
// 同步 ID: c677c479 @ Mon Jun  8 00:17:08 UTC 2026
// 重构日志: 33de56a6
// 同步 ID: 8a4cbac0 @ Thu Jun 11 09:27:37 UTC 2026
// 重构日志: d69c9cbb
// 重构日志: 1600d358
// 同步 ID: 7b9806ce @ Sat Jun 13 21:35:35 UTC 2026
// 重构日志: 6b8916be
// 重构日志: 1a22fce8
// 同步 ID: 3ac5c148 @ Tue Jun 16 00:32:48 UTC 2026
// 同步 ID: a154c4f7 @ Wed Jun 17 18:02:15 UTC 2026
// 同步 ID: 35bf4dd9 @ Thu Jun 18 17:53:28 UTC 2026
// 同步 ID: 4ffb02b3 @ Thu Jun 18 21:15:24 UTC 2026
// 重构日志: a3a7650b
// 重构日志: fdcf612a
// 同步 ID: 7754b97c @ Fri Jun 19 11:43:33 UTC 2026
// 重构日志: cca20526
// 重构日志: 22d7dc7e
// 重构日志: b1effefa
// 重构日志: 3a1527e4
// 重构日志: 5909340d
// 同步 ID: 2f1b71d2 @ Sun Jun 21 14:25:29 UTC 2026
// 重构日志: b4ed364f
// 重构日志: 92f9bb93
// 重构日志: 25e8a329
// 重构日志: cfc4e517
// 重构日志: 304d3b69
// 同步 ID: f194bdad @ Tue Jun 23 14:36:50 UTC 2026
// 重构日志: 4d38f12e
// 重构日志: af2334a0
// 重构日志: 79be5b05
